<?xml version="1.0" encoding="utf-8"?><testsuites><testsuite name="pytest" errors="0" failures="0" skipped="0" tests="5" time="0.173" timestamp="2022-11-15T17:41:08.979805" hostname="DESKTOP-FV0A5JV"><testcase classname="tests.test_bytebank.TestClass" name="test_quando_idade_recebe_03_08_1994_deve_retornar_28" time="0.005" /><testcase classname="tests.test_bytebank.TestClass" name="test_quando_nome_recebe_Lucas_silva_deve_retornar_silva" time="0.002" /><testcase classname="tests.test_bytebank.TestClass" name="test_quando_decrescimo_salario_recebe_100000_deve_retornar_90000" time="0.002" /><testcase classname="tests.test_bytebank.TestClass" name="test_quando_calcular_bonus_receber_1000_deve_retornar_100" time="0.002" /><testcase classname="tests.test_bytebank.TestClass" name="test_quando_calcular_bonus_receber_100000_deve_retornar_exception" time="0.003" /></testsuite></testsuites>